=== Run information ===

Scheme:       weka.clusterers.EM -I 100 -N -1 -X 10 -max -1 -ll-cv 1.0E-6 -ll-iter 1.0E-6 -M 1.0E-6 -num-slots 1 -S 100
Relation:     credit
Instances:    690
Attributes:   16
              A1
              A2
              A3
              A4
              A5
              A6
              A7
              A8
              A9
              A10
              A11
              A12
              A13
              A14
              A15
Ignored:
              class
Test mode:    Classes to clusters evaluation on training data

=== Clustering model (full training set) ===


EM
==

Number of clusters selected by cross validation: 5
Number of iterations performed: 9


               Cluster
Attribute            0          1          2          3          4
                (0.16)     (0.05)      (0.3)     (0.18)     (0.32)
===================================================================
A1
  b             81.5282    19.8097   126.0836    95.1422   162.4362
  a             30.0125    13.6769    81.5923    29.8408    59.8774
  [total]      111.5407    33.4867   207.6759    124.983   222.3137
A2
  mean          29.2558    37.0633    26.1526    43.1407    30.5284
  std. dev.      9.6464    12.7139     7.1242    13.3879    10.6018

A3
  mean           3.6831     8.1662     4.1131     8.0797     3.5554
  std. dev.       4.133      7.533     4.0451     6.1892     3.7432

A4
  u               1.062    24.0879   166.1671   117.4387   221.2443
  y            109.4788     8.3988    41.5088     7.5443     1.0694
  l              1.9999          2          1          1          1
  t                   1          1          1          1          1
  [total]      113.5407    35.4867   209.6759    126.983   224.3137
A5
  g               1.062    24.0879   166.1671   117.4387   221.2443
  p            109.4788     8.3988    41.5088     7.5443     1.0694
  gg             1.9999          2          1          1          1
  [total]      112.5407    34.4867   208.6759    125.983   223.3137
A6
  c             24.0219     7.4143    45.5661    18.6675    55.3302
  d              6.9213     1.0076     4.1106     4.6692    18.2913
  cc             8.3455     5.3847     9.4355    14.6551     8.1792
  i              8.9774     3.4091    11.3565     8.3676    31.8894
  j              4.9998     1.0176     3.4781     2.5045          3
  k             12.0248     2.2359     16.846     5.8518    19.0416
  m               6.979     3.0466     11.304     9.6494     12.021
  r                   2     2.0032          1     1.9968          1
  q              2.9971     6.2425     33.821    20.1731    19.7662
  w              7.9862     2.1314    29.2241    10.6638    18.9946
  x              6.0023     2.2023    15.2537    13.8504     5.6913
  e              5.9989     4.3119     4.3044     9.3846     6.0002
  aa            12.8464      2.045    16.1491     6.0037    21.9557
  ff            13.4401     3.0346    17.8268    10.5455     13.153
  [total]      123.5407    45.4867   219.6759    136.983   234.3137
A7
  v             61.2016    17.9743   141.3513    48.6632   143.8095
  h             23.9504     7.5639    32.5933    45.4488    33.4436
  bb             6.9491      5.476    11.5562    14.1104    25.9083
  j              2.9999     1.0154      3.478     1.5067          4
  n                   2     1.0032     1.9986     1.9983     1.9999
  z                   1     2.4161          1     6.5843     1.9996
  dd             2.9999     1.0009     3.8716     1.1279     1.9997
  ff            16.4399     2.0369    17.8269    11.5433     14.153
  o                   1          2          1          1          2
  [total]      118.5407    40.4867   214.6759    131.983   229.3137
A8
  mean           1.7169     5.4251     1.0763     5.7787     1.1039
  std. dev.      2.3876      6.021     1.0076     4.7627     1.5062

A9
  t             27.7179    30.0251   118.9839   115.7095    73.5637
  f             83.8228     3.4616     88.692     9.2735     148.75
  [total]      111.5407    33.4867   207.6759    124.983   222.3137
A10
  t              1.4039    25.0919   168.5017   104.0026          1
  f            110.1369     8.3948    39.1742    20.9804   221.3137
  [total]      111.5407    33.4867   207.6759    124.983   222.3137
A11
  mean           0.0037     8.9655     3.2218     5.7785          0
  std. dev.      0.0606    13.7323     3.3821      5.105     4.8629

A12
  t              47.282    14.4907    92.3692    66.0129   100.8453
  f             64.2588     18.996   115.3067    58.9701   121.4684
  [total]      111.5407    33.4867   207.6759    124.983   222.3137
A13
  g             97.5654    31.4554   204.3677   121.3218   175.2897
  p                   1          2          1          1          8
  s             13.9753     1.0312     3.3082     3.6612    40.0241
  [total]      112.5407    34.4867   208.6759    125.983   223.3137
A14
  mean         173.3752   276.2978   165.3978    159.668   207.0868
  std. dev.    109.9744    403.662    126.571      179.8   167.1178

A15
  mean           44.185 13925.2733   901.1616   558.3168    21.2636
  std. dev.    106.9712 20009.0173  1434.0264   780.0712    59.6287



Time taken to build model (full training data) : 7.91 seconds

=== Model and evaluation on training set ===

Clustered Instances

0      110 ( 16%)
1       31 (  4%)
2      207 ( 30%)
3      126 ( 18%)
4      216 ( 31%)


Log likelihood: -32.11421


Class attribute: class
Classes to Clusters:

   0   1   2   3   4  <-- assigned to cluster
  14  29 105 106  53 | +
  96   2 102  20 163 | -

Cluster 0 <-- No class
Cluster 1 <-- No class
Cluster 2 <-- No class
Cluster 3 <-- +
Cluster 4 <-- -

Incorrectly clustered instances :	421.0	 61.0145 %

